Change Component Designator: Old Designator=C9 New Designator=C200
Change Component Designator: Old Designator=C10 New Designator=C201
Change Component Designator: Old Designator=C11 New Designator=C202
Change Component Designator: Old Designator=C12 New Designator=C203
Change Component Designator: Old Designator=C20 New Designator=C208
Change Component Designator: Old Designator=C21 New Designator=C205
Change Component Designator: Old Designator=C22 New Designator=C206
Change Component Designator: Old Designator=C23 New Designator=C204
Change Component Designator: Old Designator=C24 New Designator=C207
Change Component Designator: Old Designator=D6 New Designator=D200
Change Component Designator: Old Designator=D7 New Designator=D201
Change Component Designator: Old Designator=LS2 New Designator=LS200
Change Component Designator: Old Designator=P2 New Designator=P200
Change Component Designator: Old Designator=Q2 New Designator=Q200
Change Component Designator: Old Designator=R6 New Designator=R200
Change Component Designator: Old Designator=R7 New Designator=R206
Change Component Designator: Old Designator=R8 New Designator=R204
Change Component Designator: Old Designator=R9 New Designator=R205
Change Component Designator: Old Designator=R10 New Designator=R201
Change Component Designator: Old Designator=R11 New Designator=R202
Change Component Designator: Old Designator=R12 New Designator=R207
Change Component Designator: Old Designator=R13 New Designator=R208
Change Component Designator: Old Designator=R14 New Designator=R203
Change Component Designator: Old Designator=S2 New Designator=S200
Change Component Designator: Old Designator=S3 New Designator=S201
Change Component Designator: Old Designator=S4 New Designator=S202
Change Component Designator: Old Designator=U2 New Designator=U200
Change Component Designator: Old Designator=XTAL2 New Designator=XTAL200
