Removed Member From Class: ClassName=RF Member=VDD_PA
Added Component: Designator=P?(HDR1X8)
Add component (AddParameter): Name = "LatestRevisionDate"; Value = "17-Jul-2002"; VariantName = "[No Variations]"
Add component (AddParameter): Name = "LatestRevisionNote"; Value = "Re-released for DXP Platform."; VariantName = "[No Variations]"
Add component (AddParameter): Name = "Publisher"; Value = "Altium Limited"; VariantName = "[No Variations]"
Added Pin To Net: NetName=NetP?_1 Pin=P?-1
Added Pin To Net: NetName=NetP?_1 Pin=U2-18
Added Net: Name=NetP?_1
Added Pin To Net: NetName=NetP?_2 Pin=P?-2
Added Pin To Net: NetName=NetP?_2 Pin=U2-19
Added Net: Name=NetP?_2
Added Pin To Net: NetName=NetP?_3 Pin=P?-3
Added Pin To Net: NetName=NetP?_3 Pin=U2-20
Added Net: Name=NetP?_3
Added Pin To Net: NetName=NetP?_4 Pin=P?-4
Added Pin To Net: NetName=NetP?_4 Pin=U2-39
Added Net: Name=NetP?_4
Added Pin To Net: NetName=NetP?_5 Pin=P?-5
Added Pin To Net: NetName=NetP?_5 Pin=U2-40
Added Net: Name=NetP?_5
Added Pin To Net: NetName=NetP?_6 Pin=P?-6
Added Pin To Net: NetName=NetP?_6 Pin=U2-41
Added Net: Name=NetP?_6
Added Pin To Net: NetName=NetP?_7 Pin=P?-7
Added Pin To Net: NetName=NetP?_7 Pin=U2-42
Added Net: Name=NetP?_7
Added Pin To Net: NetName=NetP?_8 Pin=P?-8
Added Pin To Net: NetName=NetP?_8 Pin=U2-43
Added Net: Name=NetP?_8
Added Member To Class: ClassName=U_MCU Member=Component P? Header 8
