Change Component Designator: Old Designator=ANT3 New Designator=ANT300
Change Component Designator: Old Designator=C6 New Designator=C300
Change Component Designator: Old Designator=C7 New Designator=C301
Change Component Designator: Old Designator=C8 New Designator=C302
Change Component Designator: Old Designator=C13 New Designator=C303
Change Component Designator: Old Designator=C14 New Designator=C304
Change Component Designator: Old Designator=C15 New Designator=C305
Change Component Designator: Old Designator=C16 New Designator=C306
Change Component Designator: Old Designator=C17 New Designator=C307
Change Component Designator: Old Designator=C18 New Designator=C308
Change Component Designator: Old Designator=C19 New Designator=C309
Change Component Designator: Old Designator=L3 New Designator=L300
Change Component Designator: Old Designator=L4 New Designator=L301
Change Component Designator: Old Designator=L5 New Designator=L302
Change Component Designator: Old Designator=P3 New Designator=P300
Change Component Designator: Old Designator=R4 New Designator=R300
Change Component Designator: Old Designator=R5 New Designator=R301
Change Component Designator: Old Designator=SB3 New Designator=SB300
Change Component Designator: Old Designator=U3 New Designator=U300
Change Component Designator: Old Designator=XTAL3 New Designator=XTAL300
